<?xml version="1.0" encoding="UTF-8"?>
<testsuite xmlns:xsi="http://www.w3.org/2001/XMLSchema-instance" xsi:noNamespaceSchemaLocation="https://maven.apache.org/surefire/maven-surefire-plugin/xsd/surefire-test-report.xsd" version="3.0.2" name="backend.repository.UsuarioRepositoryTest" time="3.94" tests="9" errors="0" skipped="0" failures="0">
  <properties>
[...]
</properties>
  <testcase name="findByIdRoleDeveRetornarApenasClientesQuandoRole2" classname="backend.repository.UsuarioRepositoryTest" time="0.458">
    <system-out><![CDATA[16:33:36.751 [main] INFO org.springframework.test.context.support.AnnotationConfigContextLoaderUtils -- Could not detect default configuration classes for test class [backend.repository.UsuarioRepositoryTest]: UsuarioRepositoryTest does not declare any static, non-private, non-final, nested classes annotated with @Configuration.
16:33:36.832 [main] INFO org.springframework.boot.test.context.SpringBootTestContextBootstrapper -- Found @SpringBootConfiguration backend.PetGoApplication for test class backend.repository.UsuarioRepositoryTest

  .   ____          _            __ _ _
 /\\ / ___'_ __ _ _(_)_ __  __ _ \ \ \ \
( ( )\___ | '_ | '_| | '_ \/ _` | \ \ \ \
 \\/  ___)| |_)| | | | | || (_| |  ) ) ) )
  '  |____| .__|_| |_|_| |_\__, | / / / /
 =========|_|==============|___/=/_/_/_/

 :: Spring Boot ::                (v4.0.3)

2026-05-29T16:33:37.142-03:00  INFO 1856 --- [           main] b.repository.UsuarioRepositoryTest       : Starting UsuarioRepositoryTest using Java 21.0.5 with PID 1856 (started by vinig in C:\Users\vinig\OneDrive\Documentos\GitHub\Petshop)
2026-05-29T16:33:37.144-03:00  INFO 1856 --- [           main] b.repository.UsuarioRepositoryTest       : The following 1 profile is active: "test"
2026-05-29T16:33:37.639-03:00  INFO 1856 --- [           main] .s.d.r.c.RepositoryConfigurationDelegate : Bootstrapping Spring Data JPA repositories in DEFAULT mode.
2026-05-29T16:33:37.692-03:00  INFO 1856 --- [           main] .s.d.r.c.RepositoryConfigurationDelegate : Finished Spring Data repository scanning in 42 ms. Found 4 JPA repository interfaces.
2026-05-29T16:33:38.094-03:00  INFO 1856 --- [           main] org.hibernate.orm.jpa                    : HHH008540: Processing PersistenceUnitInfo [name: default]
2026-05-29T16:33:38.147-03:00  INFO 1856 --- [           main] org.hibernate.orm.core                   : HHH000001: Hibernate ORM core version 7.2.4.Final
2026-05-29T16:33:38.434-03:00  INFO 1856 --- [           main] o.s.o.j.p.SpringPersistenceUnitInfo      : No LoadTimeWeaver setup: ignoring JPA class transformer
2026-05-29T16:33:38.462-03:00  INFO 1856 --- [           main] com.zaxxer.hikari.HikariDataSource       : HikariPool-1 - Starting...
2026-05-29T16:33:38.616-03:00  INFO 1856 --- [           main] com.zaxxer.hikari.pool.HikariPool        : HikariPool-1 - Added connection conn0: url=jdbc:h2:mem:testdb user=SA
2026-05-29T16:33:38.618-03:00  INFO 1856 --- [           main] com.zaxxer.hikari.HikariDataSource       : HikariPool-1 - Start completed.
2026-05-29T16:33:38.639-03:00  WARN 1856 --- [           main] org.hibernate.orm.deprecation            : HHH90000025: H2Dialect does not need to be specified explicitly using 'hibernate.dialect' (remove the property setting and it will be selected by default)
2026-05-29T16:33:38.659-03:00  INFO 1856 --- [           main] org.hibernate.orm.connections.pooling    : HHH10001005: Database info:
	Database JDBC URL [jdbc:h2:mem:testdb]
	Database driver: H2 JDBC Driver
	Database dialect: H2Dialect
	Database version: 2.4.240
	Default catalog/schema: TESTDB/PUBLIC
	Autocommit mode: undefined/unknown
	Isolation level: READ_COMMITTED [default READ_COMMITTED]
	JDBC fetch size: 100
	Pool: DataSourceConnectionProvider
	Minimum pool size: undefined/unknown
	Maximum pool size: undefined/unknown
2026-05-29T16:33:39.255-03:00  INFO 1856 --- [           main] org.hibernate.orm.core                   : HHH000489: No JTA platform available (set 'hibernate.transaction.jta.platform' to enable JTA platform integration)
Hibernate: drop table if exists agendamentos cascade 
Hibernate: drop table if exists pets cascade 
Hibernate: drop table if exists servicos cascade 
Hibernate: drop table if exists usuarios cascade 
Hibernate: create table agendamentos (duracao_minutos integer, funcionario_id integer, id integer generated by default as identity, pet_id integer, usuario_id integer, versao integer, data varchar(255), hora varchar(255), motivo varchar(255), observacao varchar(255), servico varchar(255), status varchar(255), primary key (id))
Hibernate: create table pets (id integer generated by default as identity, usuario_id integer, idade varchar(255), nome varchar(255), observacao varchar(255), porte varchar(255), raca varchar(255), sexo varchar(255), imagem blob, primary key (id))
Hibernate: create table servicos (duracao integer, id integer generated by default as identity, is_vet boolean, nome varchar(255), primary key (id))
Hibernate: create table usuarios (id integer generated by default as identity, id_role integer, cargo varchar(255), cep varchar(255), cpf varchar(255) unique, data_nascimento varchar(255), email varchar(255) unique, endereco varchar(255), nome varchar(255), numero varchar(255), senha varchar(255), telefone varchar(255), imagem blob, primary key (id))
2026-05-29T16:33:39.292-03:00  INFO 1856 --- [           main] j.LocalContainerEntityManagerFactoryBean : Initialized JPA EntityManagerFactory for persistence unit 'default'
2026-05-29T16:33:39.356-03:00  INFO 1856 --- [           main] o.s.d.j.r.query.QueryEnhancerFactories   : Hibernate is in classpath; If applicable, HQL parser will be used.
2026-05-29T16:33:39.673-03:00  WARN 1856 --- [           main] JpaBaseConfiguration$JpaWebConfiguration : spring.jpa.open-in-view is enabled by default. Therefore, database queries may be performed during view rendering. Explicitly configure spring.jpa.open-in-view to disable this warning
2026-05-29T16:33:39.741-03:00  WARN 1856 --- [           main] .s.a.UserDetailsServiceAutoConfiguration : 

Using generated security password: 90f7d4cd-a8f8-49e1-b0d2-7e494aa5cfb1

This generated password is for development use only. Your security configuration must be updated before running your application in production.

2026-05-29T16:33:39.749-03:00  INFO 1856 --- [           main] r$InitializeUserDetailsManagerConfigurer : Global AuthenticationManager configured with UserDetailsService bean with name inMemoryUserDetailsManager
2026-05-29T16:33:39.909-03:00  INFO 1856 --- [           main] o.s.b.w.a.WelcomePageHandlerMapping      : Adding welcome page: URL [file:src/main/resources/static/index.html]
2026-05-29T16:33:40.113-03:00  INFO 1856 --- [           main] b.repository.UsuarioRepositoryTest       : Started UsuarioRepositoryTest in 3.201 seconds (process running for 7.062)
Hibernate: insert into usuarios (cargo,cep,cpf,data_nascimento,email,endereco,id_role,imagem,nome,numero,senha,telefone,id) values (?,?,?,?,?,?,?,?,?,?,?,?,default)
Hibernate: insert into usuarios (cargo,cep,cpf,data_nascimento,email,endereco,id_role,imagem,nome,numero,senha,telefone,id) values (?,?,?,?,?,?,?,?,?,?,?,?,default)
Hibernate: insert into usuarios (cargo,cep,cpf,data_nascimento,email,endereco,id_role,imagem,nome,numero,senha,telefone,id) values (?,?,?,?,?,?,?,?,?,?,?,?,default)
Hibernate: select u1_0.id,u1_0.cargo,u1_0.cep,u1_0.cpf,u1_0.data_nascimento,u1_0.email,u1_0.endereco,u1_0.id_role,u1_0.imagem,u1_0.nome,u1_0.numero,u1_0.senha,u1_0.telefone from usuarios u1_0 where u1_0.id_role=?
]]></system-out>
  </testcase>
  <testcase name="deveLancarExcecaoAoSalvarEmailDuplicado" classname="backend.repository.UsuarioRepositoryTest" time="0.016">
    <system-out><![CDATA[Hibernate: insert into usuarios (cargo,cep,cpf,data_nascimento,email,endereco,id_role,imagem,nome,numero,senha,telefone,id) values (?,?,?,?,?,?,?,?,?,?,?,?,default)
Hibernate: insert into usuarios (cargo,cep,cpf,data_nascimento,email,endereco,id_role,imagem,nome,numero,senha,telefone,id) values (?,?,?,?,?,?,?,?,?,?,?,?,default)
2026-05-29T16:33:40.591-03:00  WARN 1856 --- [           main] org.hibernate.orm.jdbc.error             : HHH000247: ErrorCode: 23505, SQLState: 23505
2026-05-29T16:33:40.592-03:00  WARN 1856 --- [           main] org.hibernate.orm.jdbc.error             : Unique index or primary key violation: "PUBLIC.CONSTRAINT_39 INDEX PUBLIC.CONSTRAINT_INDEX_39 ON PUBLIC.USUARIOS(EMAIL NULLS FIRST) VALUES ( /* 4 */ 'dupEmail_test@email.com' )"; SQL statement:
insert into usuarios (cargo,cep,cpf,data_nascimento,email,endereco,id_role,imagem,nome,numero,senha,telefone,id) values (?,?,?,?,?,?,?,?,?,?,?,?,default) [23505-240]
]]></system-out>
  </testcase>
  <testcase name="findByIdRoleDeveRetornarFuncionariosQuandoRole3" classname="backend.repository.UsuarioRepositoryTest" time="0.009">
    <system-out><![CDATA[Hibernate: insert into usuarios (cargo,cep,cpf,data_nascimento,email,endereco,id_role,imagem,nome,numero,senha,telefone,id) values (?,?,?,?,?,?,?,?,?,?,?,?,default)
Hibernate: insert into usuarios (cargo,cep,cpf,data_nascimento,email,endereco,id_role,imagem,nome,numero,senha,telefone,id) values (?,?,?,?,?,?,?,?,?,?,?,?,default)
Hibernate: insert into usuarios (cargo,cep,cpf,data_nascimento,email,endereco,id_role,imagem,nome,numero,senha,telefone,id) values (?,?,?,?,?,?,?,?,?,?,?,?,default)
Hibernate: select u1_0.id,u1_0.cargo,u1_0.cep,u1_0.cpf,u1_0.data_nascimento,u1_0.email,u1_0.endereco,u1_0.id_role,u1_0.imagem,u1_0.nome,u1_0.numero,u1_0.senha,u1_0.telefone from usuarios u1_0 where u1_0.id_role=?
]]></system-out>
  </testcase>
  <testcase name="findByEmailDeveRetornarVazioQuandoNaoExiste" classname="backend.repository.UsuarioRepositoryTest" time="0.007">
    <system-out><![CDATA[Hibernate: select u1_0.id,u1_0.cargo,u1_0.cep,u1_0.cpf,u1_0.data_nascimento,u1_0.email,u1_0.endereco,u1_0.id_role,u1_0.imagem,u1_0.nome,u1_0.numero,u1_0.senha,u1_0.telefone from usuarios u1_0 where u1_0.email=?
]]></system-out>
  </testcase>
  <testcase name="findByEmailDeveRetornarUsuarioQuandoExiste" classname="backend.repository.UsuarioRepositoryTest" time="0.007">
    <system-out><![CDATA[Hibernate: insert into usuarios (cargo,cep,cpf,data_nascimento,email,endereco,id_role,imagem,nome,numero,senha,telefone,id) values (?,?,?,?,?,?,?,?,?,?,?,?,default)
Hibernate: select u1_0.id,u1_0.cargo,u1_0.cep,u1_0.cpf,u1_0.data_nascimento,u1_0.email,u1_0.endereco,u1_0.id_role,u1_0.imagem,u1_0.nome,u1_0.numero,u1_0.senha,u1_0.telefone from usuarios u1_0 where u1_0.email=?
]]></system-out>
  </testcase>
  <testcase name="findByIdRoleDeveRetornarListaVaziaQuandoSemUsuariosNaRole" classname="backend.repository.UsuarioRepositoryTest" time="0.006">
    <system-out><![CDATA[Hibernate: insert into usuarios (cargo,cep,cpf,data_nascimento,email,endereco,id_role,imagem,nome,numero,senha,telefone,id) values (?,?,?,?,?,?,?,?,?,?,?,?,default)
Hibernate: select u1_0.id,u1_0.cargo,u1_0.cep,u1_0.cpf,u1_0.data_nascimento,u1_0.email,u1_0.endereco,u1_0.id_role,u1_0.imagem,u1_0.nome,u1_0.numero,u1_0.senha,u1_0.telefone from usuarios u1_0 where u1_0.id_role=?
]]></system-out>
  </testcase>
  <testcase name="deveLancarExcecaoAoSalvarCpfDuplicado" classname="backend.repository.UsuarioRepositoryTest" time="0.005">
    <system-out><![CDATA[Hibernate: insert into usuarios (cargo,cep,cpf,data_nascimento,email,endereco,id_role,imagem,nome,numero,senha,telefone,id) values (?,?,?,?,?,?,?,?,?,?,?,?,default)
Hibernate: insert into usuarios (cargo,cep,cpf,data_nascimento,email,endereco,id_role,imagem,nome,numero,senha,telefone,id) values (?,?,?,?,?,?,?,?,?,?,?,?,default)
2026-05-29T16:33:40.632-03:00  WARN 1856 --- [           main] org.hibernate.orm.jdbc.error             : HHH000247: ErrorCode: 23505, SQLState: 23505
2026-05-29T16:33:40.632-03:00  WARN 1856 --- [           main] org.hibernate.orm.jdbc.error             : Unique index or primary key violation: "PUBLIC.CONSTRAINT_3 INDEX PUBLIC.CONSTRAINT_INDEX_3 ON PUBLIC.USUARIOS(CPF NULLS FIRST) VALUES ( /* 11 */ '202.020.202-02' )"; SQL statement:
insert into usuarios (cargo,cep,cpf,data_nascimento,email,endereco,id_role,imagem,nome,numero,senha,telefone,id) values (?,?,?,?,?,?,?,?,?,?,?,?,default) [23505-240]
]]></system-out>
  </testcase>
  <testcase name="findByCpfDeveRetornarUsuarioQuandoExiste" classname="backend.repository.UsuarioRepositoryTest" time="0.008">
    <system-out><![CDATA[Hibernate: insert into usuarios (cargo,cep,cpf,data_nascimento,email,endereco,id_role,imagem,nome,numero,senha,telefone,id) values (?,?,?,?,?,?,?,?,?,?,?,?,default)
Hibernate: select u1_0.id,u1_0.cargo,u1_0.cep,u1_0.cpf,u1_0.data_nascimento,u1_0.email,u1_0.endereco,u1_0.id_role,u1_0.imagem,u1_0.nome,u1_0.numero,u1_0.senha,u1_0.telefone from usuarios u1_0 where u1_0.cpf=?
]]></system-out>
  </testcase>
  <testcase name="findByCpfDeveRetornarVazioQuandoNaoExiste" classname="backend.repository.UsuarioRepositoryTest" time="0.005">
    <system-out><![CDATA[Hibernate: select u1_0.id,u1_0.cargo,u1_0.cep,u1_0.cpf,u1_0.data_nascimento,u1_0.email,u1_0.endereco,u1_0.id_role,u1_0.imagem,u1_0.nome,u1_0.numero,u1_0.senha,u1_0.telefone from usuarios u1_0 where u1_0.cpf=?
]]></system-out>
  </testcase>
</testsuite>